Data set      Number of    Mean Number     Mean Number    Number of
                 Graphs       of Edges     of Vertices      Classes
----------  -----------  -------------  --------------  -----------
MUTAG               179        19.2346          17.486            2

Number of samples per graph: 15000 
Mean number of photons: 5.0 
Displacement on each mode: 0.0 
Max photon number: 6 
Max number of modes: 5 
Number of outcomes |Ω|: 32
Explained variance ratios: [7.99892640e-01 8.28933334e-02 5.28270125e-02 3.17733461e-02
 1.03092825e-02 8.78074260e-03 5.73331907e-03 2.75902017e-03
 1.51872941e-03 1.33979258e-03 4.97780581e-04 4.16632841e-04
 2.89451762e-04 1.79846946e-04 1.58637703e-04 1.34954507e-04
 1.00078301e-04 7.76562316e-05 6.27333468e-05 5.50606729e-05
 3.96390641e-05 3.82043033e-05 2.61702613e-05 2.29633791e-05
 1.93404115e-05 1.69676590e-05 1.36133989e-05 8.61888598e-06
 7.19159670e-06 5.57503395e-06 1.66526054e-06 7.59071772e-32]

real	705m18.298s
user	697m33.126s
sys	5m56.335s
