Data set      Number of    Mean Number     Mean Number    Number of
                 Graphs       of Edges     of Vertices      Classes
----------  -----------  -------------  --------------  -----------
BZR_MD              257        197.696         20.1012            2

Number of samples per graph: 10000 
Mean number of photons: 4.0 
Displacement on each mode: 0.0 
Max photon number: 5 
Max number of modes: 5 
Number of outcomes |Ω|: 31
Data set    BZR_MD
----------  ------------
SVM         63.32 ± 0.39

real	758m18.184s
user	751m33.132s
sys	4m52.642s
slurmstepd: error: error from open of cgroup '/sys/fs/cgroup/memory/slurm/uid_944600/job_42374381/step_batch' : No such file or directory
slurmstepd: error: xcgroup_lock error: No such file or directory
slurmstepd: error: problem with oom_pipe[0]
slurmstepd: fatal: cgroup_v1.c:1352 _oom_event_monitor: pthread_mutex_lock(): Invalid argument
