Data set      Number of    Mean Number     Mean Number    Number of
                 Graphs       of Edges     of Vertices      Classes
----------  -----------  -------------  --------------  -----------
PTC_FM              284         13.993         13.6408            2

Number of samples per graph: 15000 
Mean number of photons: 4.0 
Displacement on each mode: 0.0 
Max photon number: 6 
Max number of modes: 6 
Number of outcomes |Ω|: 63
Data set    PTC_FM
----------  ------------
SVM         57.21 ± 2.38

real	693m5.301s
user	688m9.652s
sys	3m14.469s
slurmstepd: error: error from open of cgroup '/sys/fs/cgroup/memory/slurm/uid_944600/job_42365987/step_batch' : No such file or directory
slurmstepd: error: xcgroup_lock error: No such file or directory
slurmstepd: error: problem with oom_pipe[0]
slurmstepd: fatal: cgroup_v1.c:1352 _oom_event_monitor: pthread_mutex_lock(): Invalid argument
