Data set      Number of    Mean Number     Mean Number    Number of
                 Graphs       of Edges     of Vertices      Classes
----------  -----------  -------------  --------------  -----------
PTC_FM              284         13.993         13.6408            2

Number of samples per graph: 9000 
Mean number of photons: 5.0 
Displacement on each mode: 0.0 
Max photon number: 5 
Max number of modes: 6 
Number of outcomes |Ω|: 63
Data set    PTC_FM
----------  ------------
SVM         53.80 ± 3.78

real	495m56.629s
user	491m58.744s
sys	2m42.912s
slurmstepd: error: error from open of cgroup '/sys/fs/cgroup/memory/slurm/uid_944600/job_42338590/step_batch' : No such file or directory
slurmstepd: error: xcgroup_lock error: No such file or directory
slurmstepd: error: problem with oom_pipe[0]
slurmstepd: fatal: cgroup_v1.c:1352 _oom_event_monitor: pthread_mutex_lock(): Invalid argument
